INFO:     Will watch for changes in these directories: ['/Users/ericgeorge/Documents/Code/vega/vega']
INFO:     Uvicorn running on http://127.0.0.1:8000 (Press CTRL+C to quit)
INFO:     Started reloader process [89060] using WatchFiles
INFO:     Started server process [89063]
INFO:     Waiting for application startup.
INFO:     Application startup complete.
Successfully loaded instruction from scriptwriter_instruction.txt
Successfully loaded instruction from visualizer_instruction.txt
WARNING: Instruction file not found: /Users/ericgeorge/Documents/Code/vega/vega/src/backend/multi_tool_agent/shorts_agent_instruction.txt. Using default.
INFO:     127.0.0.1:52517 - "GET /health HTTP/1.1" 200 OK
INFO:     127.0.0.1:52518 - "POST /agent/run HTTP/1.1" 200 OK
INFO:     127.0.0.1:52826 - "GET /health HTTP/1.1" 200 OK
INFO:     127.0.0.1:52828 - "POST /agent/run HTTP/1.1" 200 OK
WARNING:  WatchFiles detected changes in 'src/backend/main.py'. Reloading...
INFO:     Shutting down
INFO:     Waiting for application shutdown.
INFO:     Application shutdown complete.
INFO:     Finished server process [89063]
INFO:     Started server process [90613]
INFO:     Waiting for application startup.
INFO:     Application startup complete.
Successfully loaded instruction from scriptwriter_instruction.txt
Successfully loaded instruction from visualizer_instruction.txt
WARNING: Instruction file not found: /Users/ericgeorge/Documents/Code/vega/vega/src/backend/multi_tool_agent/shorts_agent_instruction.txt. Using default.
INFO:     127.0.0.1:52903 - "GET /dev-ui/?app=multi_tool_agent&session=7b49c755-e087-4f1b-ba6e-f6c4ed4ec3c2 HTTP/1.1" 404 Not Found
INFO:     127.0.0.1:52903 - "GET /favicon.ico HTTP/1.1" 404 Not Found
INFO:     127.0.0.1:52903 - "GET /dev-ui/?app=multi_tool_agent&session=7b49c755-e087-4f1b-ba6e-f6c4ed4ec3c2 HTTP/1.1" 404 Not Found
INFO:     127.0.0.1:52904 - "GET /dev-ui/?app=multi_tool_agent&session=7b49c755-e087-4f1b-ba6e-f6c4ed4ec3c2 HTTP/1.1" 404 Not Found
INFO:     127.0.0.1:52923 - "GET /dev-ui/?app=multi_tool_agent&session=7b49c755-e087-4f1b-ba6e-f6c4ed4ec3c2 HTTP/1.1" 404 Not Found
INFO:     127.0.0.1:52928 - "GET / HTTP/1.1" 404 Not Found
INFO:     127.0.0.1:52992 - "GET / HTTP/1.1" 404 Not Found
INFO:     127.0.0.1:53016 - "GET /health HTTP/1.1" 200 OK
Failed __call__(prompt): TypeError: 'LlmAgent' object is not callable
Traceback (most recent call last):
  File "/Users/ericgeorge/Documents/Code/vega/vega/src/backend/main.py", line 69, in _try_methods
    return "__call__(prompt)", agent(prompt)  # type: ignore[misc]
                               ^^^^^^^^^^^^^
TypeError: 'LlmAgent' object is not callable

INFO:     127.0.0.1:53018 - "POST /agent/run HTTP/1.1" 200 OK
INFO:     127.0.0.1:53029 - "GET /health HTTP/1.1" 200 OK
WARNING:  WatchFiles detected changes in 'src/backend/main.py'. Reloading...
INFO:     Shutting down
INFO:     Waiting for application shutdown.
INFO:     Application shutdown complete.
INFO:     Finished server process [90613]
INFO:     Started server process [92481]
INFO:     Waiting for application startup.
INFO:     Application startup complete.
Successfully loaded instruction from scriptwriter_instruction.txt
Successfully loaded instruction from visualizer_instruction.txt
WARNING: Instruction file not found: /Users/ericgeorge/Documents/Code/vega/vega/src/backend/multi_tool_agent/shorts_agent_instruction.txt. Using default.
INFO:     127.0.0.1:53087 - "GET /health HTTP/1.1" 200 OK
WARNING:  WatchFiles detected changes in 'src/backend/main.py'. Reloading...
INFO:     Shutting down
INFO:     Waiting for application shutdown.
INFO:     Application shutdown complete.
INFO:     Finished server process [92481]
INFO:     Started server process [92989]
INFO:     Waiting for application startup.
INFO:     Application startup complete.
Successfully loaded instruction from scriptwriter_instruction.txt
Successfully loaded instruction from visualizer_instruction.txt
WARNING: Instruction file not found: /Users/ericgeorge/Documents/Code/vega/vega/src/backend/multi_tool_agent/shorts_agent_instruction.txt. Using default.
INFO:     127.0.0.1:53138 - "GET /health HTTP/1.1" 200 OK
WARNING:  WatchFiles detected changes in 'src/backend/main.py'. Reloading...
INFO:     Shutting down
INFO:     Waiting for application shutdown.
INFO:     Application shutdown complete.
INFO:     Finished server process [92989]
INFO:     Started server process [93517]
INFO:     Waiting for application startup.
INFO:     Application startup complete.
Successfully loaded instruction from scriptwriter_instruction.txt
Successfully loaded instruction from visualizer_instruction.txt
WARNING: Instruction file not found: /Users/ericgeorge/Documents/Code/vega/vega/src/backend/multi_tool_agent/shorts_agent_instruction.txt. Using default.
INFO:     127.0.0.1:53179 - "GET /health HTTP/1.1" 200 OK
WARNING:  WatchFiles detected changes in 'src/backend/main.py'. Reloading...
INFO:     Shutting down
INFO:     Waiting for application shutdown.
INFO:     Application shutdown complete.
INFO:     Finished server process [93517]
Process SpawnProcess-6:
Traceback (most recent call last):
  File "/Library/Frameworks/Python.framework/Versions/3.12/lib/python3.12/multiprocessing/process.py", line 314, in _bootstrap
    self.run()
  File "/Library/Frameworks/Python.framework/Versions/3.12/lib/python3.12/multiprocessing/process.py", line 108, in run
    self._target(*self._args, **self._kwargs)
  File "/Users/ericgeorge/Documents/Code/vega/vega/.venv/lib/python3.12/site-packages/uvicorn/_subprocess.py", line 80, in subprocess_started
    target(sockets=sockets)
  File "/Users/ericgeorge/Documents/Code/vega/vega/.venv/lib/python3.12/site-packages/uvicorn/server.py", line 67, in run
    return asyncio_run(self.serve(sockets=sockets), loop_factory=self.config.get_loop_factory())
           ^^^^^^^^^^^^^^^^^^^^^^^^^^^^^^^^^^^^^^^^^^^^^^^^^^^^^^^^^^^^^^^^^^^^^^^^^^^^^^^^^^^^^
  File "/Library/Frameworks/Python.framework/Versions/3.12/lib/python3.12/asyncio/runners.py", line 194, in run
    return runner.run(main)
           ^^^^^^^^^^^^^^^^
  File "/Library/Frameworks/Python.framework/Versions/3.12/lib/python3.12/asyncio/runners.py", line 118, in run
    return self._loop.run_until_complete(task)
           ^^^^^^^^^^^^^^^^^^^^^^^^^^^^^^^^^^^
  File "uvloop/loop.pyx", line 1518, in uvloop.loop.Loop.run_until_complete
  File "/Users/ericgeorge/Documents/Code/vega/vega/.venv/lib/python3.12/site-packages/uvicorn/server.py", line 71, in serve
    await self._serve(sockets)
  File "/Users/ericgeorge/Documents/Code/vega/vega/.venv/lib/python3.12/site-packages/uvicorn/server.py", line 78, in _serve
    config.load()
  File "/Users/ericgeorge/Documents/Code/vega/vega/.venv/lib/python3.12/site-packages/uvicorn/config.py", line 438, in load
    self.loaded_app = import_from_string(self.app)
                      ^^^^^^^^^^^^^^^^^^^^^^^^^^^^
  File "/Users/ericgeorge/Documents/Code/vega/vega/.venv/lib/python3.12/site-packages/uvicorn/importer.py", line 22, in import_from_string
    raise exc from None
  File "/Users/ericgeorge/Documents/Code/vega/vega/.venv/lib/python3.12/site-packages/uvicorn/importer.py", line 19, in import_from_string
    module = importlib.import_module(module_str)
             ^^^^^^^^^^^^^^^^^^^^^^^^^^^^^^^^^^^
  File "/Library/Frameworks/Python.framework/Versions/3.12/lib/python3.12/importlib/__init__.py", line 90, in import_module
    return _bootstrap._gcd_import(name[level:], package, level)
           ^^^^^^^^^^^^^^^^^^^^^^^^^^^^^^^^^^^^^^^^^^^^^^^^^^^^
  File "<frozen importlib._bootstrap>", line 1387, in _gcd_import
  File "<frozen importlib._bootstrap>", line 1360, in _find_and_load
  File "<frozen importlib._bootstrap>", line 1331, in _find_and_load_unlocked
  File "<frozen importlib._bootstrap>", line 935, in _load_unlocked
  File "<frozen importlib._bootstrap_external>", line 995, in exec_module
  File "<frozen importlib._bootstrap>", line 488, in _call_with_frames_removed
  File "/Users/ericgeorge/Documents/Code/vega/vega/src/backend/main.py", line 23, in <module>
    from google.adk.services import SessionService
ModuleNotFoundError: No module named 'google.adk.services'
Successfully loaded instruction from scriptwriter_instruction.txt
Successfully loaded instruction from visualizer_instruction.txt
WARNING: Instruction file not found: /Users/ericgeorge/Documents/Code/vega/vega/src/backend/multi_tool_agent/shorts_agent_instruction.txt. Using default.
WARNING:  WatchFiles detected changes in 'src/backend/main.py'. Reloading...
Process SpawnProcess-7:
Traceback (most recent call last):
  File "/Library/Frameworks/Python.framework/Versions/3.12/lib/python3.12/multiprocessing/process.py", line 314, in _bootstrap
    self.run()
  File "/Library/Frameworks/Python.framework/Versions/3.12/lib/python3.12/multiprocessing/process.py", line 108, in run
    self._target(*self._args, **self._kwargs)
  File "/Users/ericgeorge/Documents/Code/vega/vega/.venv/lib/python3.12/site-packages/uvicorn/_subprocess.py", line 80, in subprocess_started
    target(sockets=sockets)
  File "/Users/ericgeorge/Documents/Code/vega/vega/.venv/lib/python3.12/site-packages/uvicorn/server.py", line 67, in run
    return asyncio_run(self.serve(sockets=sockets), loop_factory=self.config.get_loop_factory())
           ^^^^^^^^^^^^^^^^^^^^^^^^^^^^^^^^^^^^^^^^^^^^^^^^^^^^^^^^^^^^^^^^^^^^^^^^^^^^^^^^^^^^^
  File "/Library/Frameworks/Python.framework/Versions/3.12/lib/python3.12/asyncio/runners.py", line 194, in run
    return runner.run(main)
           ^^^^^^^^^^^^^^^^
  File "/Library/Frameworks/Python.framework/Versions/3.12/lib/python3.12/asyncio/runners.py", line 118, in run
    return self._loop.run_until_complete(task)
           ^^^^^^^^^^^^^^^^^^^^^^^^^^^^^^^^^^^
  File "uvloop/loop.pyx", line 1518, in uvloop.loop.Loop.run_until_complete
  File "/Users/ericgeorge/Documents/Code/vega/vega/.venv/lib/python3.12/site-packages/uvicorn/server.py", line 71, in serve
    await self._serve(sockets)
  File "/Users/ericgeorge/Documents/Code/vega/vega/.venv/lib/python3.12/site-packages/uvicorn/server.py", line 78, in _serve
    config.load()
  File "/Users/ericgeorge/Documents/Code/vega/vega/.venv/lib/python3.12/site-packages/uvicorn/config.py", line 438, in load
    self.loaded_app = import_from_string(self.app)
                      ^^^^^^^^^^^^^^^^^^^^^^^^^^^^
  File "/Users/ericgeorge/Documents/Code/vega/vega/.venv/lib/python3.12/site-packages/uvicorn/importer.py", line 22, in import_from_string
    raise exc from None
  File "/Users/ericgeorge/Documents/Code/vega/vega/.venv/lib/python3.12/site-packages/uvicorn/importer.py", line 19, in import_from_string
    module = importlib.import_module(module_str)
             ^^^^^^^^^^^^^^^^^^^^^^^^^^^^^^^^^^^
  File "/Library/Frameworks/Python.framework/Versions/3.12/lib/python3.12/importlib/__init__.py", line 90, in import_module
    return _bootstrap._gcd_import(name[level:], package, level)
           ^^^^^^^^^^^^^^^^^^^^^^^^^^^^^^^^^^^^^^^^^^^^^^^^^^^^
  File "<frozen importlib._bootstrap>", line 1387, in _gcd_import
  File "<frozen importlib._bootstrap>", line 1360, in _find_and_load
  File "<frozen importlib._bootstrap>", line 1331, in _find_and_load_unlocked
  File "<frozen importlib._bootstrap>", line 935, in _load_unlocked
  File "<frozen importlib._bootstrap_external>", line 995, in exec_module
  File "<frozen importlib._bootstrap>", line 488, in _call_with_frames_removed
  File "/Users/ericgeorge/Documents/Code/vega/vega/src/backend/main.py", line 23, in <module>
    from google.adk.services import SessionService
ModuleNotFoundError: No module named 'google.adk.services'
Successfully loaded instruction from scriptwriter_instruction.txt
Successfully loaded instruction from visualizer_instruction.txt
WARNING: Instruction file not found: /Users/ericgeorge/Documents/Code/vega/vega/src/backend/multi_tool_agent/shorts_agent_instruction.txt. Using default.
WARNING:  WatchFiles detected changes in 'src/backend/main.py'. Reloading...
Process SpawnProcess-8:
Traceback (most recent call last):
  File "/Library/Frameworks/Python.framework/Versions/3.12/lib/python3.12/multiprocessing/process.py", line 314, in _bootstrap
    self.run()
  File "/Library/Frameworks/Python.framework/Versions/3.12/lib/python3.12/multiprocessing/process.py", line 108, in run
    self._target(*self._args, **self._kwargs)
  File "/Users/ericgeorge/Documents/Code/vega/vega/.venv/lib/python3.12/site-packages/uvicorn/_subprocess.py", line 80, in subprocess_started
    target(sockets=sockets)
  File "/Users/ericgeorge/Documents/Code/vega/vega/.venv/lib/python3.12/site-packages/uvicorn/server.py", line 67, in run
    return asyncio_run(self.serve(sockets=sockets), loop_factory=self.config.get_loop_factory())
           ^^^^^^^^^^^^^^^^^^^^^^^^^^^^^^^^^^^^^^^^^^^^^^^^^^^^^^^^^^^^^^^^^^^^^^^^^^^^^^^^^^^^^
  File "/Library/Frameworks/Python.framework/Versions/3.12/lib/python3.12/asyncio/runners.py", line 194, in run
    return runner.run(main)
           ^^^^^^^^^^^^^^^^
  File "/Library/Frameworks/Python.framework/Versions/3.12/lib/python3.12/asyncio/runners.py", line 118, in run
    return self._loop.run_until_complete(task)
           ^^^^^^^^^^^^^^^^^^^^^^^^^^^^^^^^^^^
  File "uvloop/loop.pyx", line 1518, in uvloop.loop.Loop.run_until_complete
  File "/Users/ericgeorge/Documents/Code/vega/vega/.venv/lib/python3.12/site-packages/uvicorn/server.py", line 71, in serve
    await self._serve(sockets)
  File "/Users/ericgeorge/Documents/Code/vega/vega/.venv/lib/python3.12/site-packages/uvicorn/server.py", line 78, in _serve
    config.load()
  File "/Users/ericgeorge/Documents/Code/vega/vega/.venv/lib/python3.12/site-packages/uvicorn/config.py", line 438, in load
    self.loaded_app = import_from_string(self.app)
                      ^^^^^^^^^^^^^^^^^^^^^^^^^^^^
  File "/Users/ericgeorge/Documents/Code/vega/vega/.venv/lib/python3.12/site-packages/uvicorn/importer.py", line 22, in import_from_string
    raise exc from None
  File "/Users/ericgeorge/Documents/Code/vega/vega/.venv/lib/python3.12/site-packages/uvicorn/importer.py", line 19, in import_from_string
    module = importlib.import_module(module_str)
             ^^^^^^^^^^^^^^^^^^^^^^^^^^^^^^^^^^^
  File "/Library/Frameworks/Python.framework/Versions/3.12/lib/python3.12/importlib/__init__.py", line 90, in import_module
    return _bootstrap._gcd_import(name[level:], package, level)
           ^^^^^^^^^^^^^^^^^^^^^^^^^^^^^^^^^^^^^^^^^^^^^^^^^^^^
  File "<frozen importlib._bootstrap>", line 1387, in _gcd_import
  File "<frozen importlib._bootstrap>", line 1360, in _find_and_load
  File "<frozen importlib._bootstrap>", line 1331, in _find_and_load_unlocked
  File "<frozen importlib._bootstrap>", line 935, in _load_unlocked
  File "<frozen importlib._bootstrap_external>", line 995, in exec_module
  File "<frozen importlib._bootstrap>", line 488, in _call_with_frames_removed
  File "/Users/ericgeorge/Documents/Code/vega/vega/src/backend/main.py", line 23, in <module>
    from google.adk.services import SessionService
ModuleNotFoundError: No module named 'google.adk.services'
Successfully loaded instruction from scriptwriter_instruction.txt
Successfully loaded instruction from visualizer_instruction.txt
WARNING: Instruction file not found: /Users/ericgeorge/Documents/Code/vega/vega/src/backend/multi_tool_agent/shorts_agent_instruction.txt. Using default.
INFO:     Stopping reloader process [89060]
